INFO: latexindent version 3.5.3, 2018-10-13, a script to indent .tex files
      latexindent lives here: /usr/share/texlive/texmf-dist/scripts/latexindent/
      Mon Jul  1 15:32:00 2019
      Filename: experience.tex
INFO: Processing switches:
      -w|--overwrite: Overwrite mode active, will make a back up of experience.tex first
INFO: Directory for backup files and indent.log: .
INFO: YAML settings read: defaultSettings.yaml
      Reading defaultSettings.yaml from /usr/share/texlive/texmf-dist/scripts/latexindent/defaultSettings.yaml
INFO: YAML settings read: indentconfig.yaml or .indentconfig.yaml
      Home directory is /home/samuel (didn't find either indentconfig.yaml or .indentconfig.yaml)
      To specify user settings you would put indentconfig.yaml here: /home/samuel/indentconfig.yaml
      Alternatively, you can use the hidden file .indentconfig.yaml as: /home/samuel/.indentconfig.yaml
INFO: Backup procedure (-w flag active):
      ./experience.bak0 already exists, incrementing by 1... (see maxNumberOfBackUps and onlyOneBackUp)
      ./experience.bak1 already exists, incrementing by 1... (see maxNumberOfBackUps and onlyOneBackUp)
      copying experience.tex to ./experience.bak2
      Backup file: ./experience.bak2
      experience.tex will be overwritten after indentation
INFO: Phase 1: searching for objects
INFO: Phase 2: finding surrounding indentation
INFO: Phase 3: indenting objects
INFO: Phase 4: final indentation check
INFO: Output routine:
      Overwriting file experience.tex
      --------------
INFO: Please direct all communication/issues to:
      https://github.com/cmhughes/latexindent.pl
